# JRE version: Java(TM) SE Runtime Environment (17.0.2+8) (build 17.0.2+8-LTS-86)
# Java VM: Java HotSpot(TM) 64-Bit Server VM (17.0.2+8-LTS-86, mixed mode, sharing, tiered, compressed oops, compressed class ptrs, g1 gc, windows-amd64)
GC Precious Log:
 CPUs: 4 total, 4 available
 Memory: 8086M
 Large Page Support: Disabled
 NUMA Support: Disabled
 Compressed Oops: Enabled (32-bit)
 Heap Region Size: 1M
 Heap Min Capacity: 8M
 Heap Initial Capacity: 8M
 Heap Max Capacity: 2022M
 Pre-touch: Disabled
 Parallel Workers: 4
 Concurrent Workers: 1
 Concurrent Refinement Workers: 4
 Periodic GC: Disabled
Heap:
 garbage-first heap   total 79872K, used 26783K [0x0000000081a00000, 0x0000000100000000)
  region size 1024K, 10 young (10240K), 2 survivors (2048K)
 Metaspace       used 9257K, committed 9408K, reserved 1064960K
  class space    used 1073K, committed 1152K, reserved 1048576K
GC Heap History (20 events):
Event: 0.551 GC heap before
{Heap before GC invocations=7 (full 0):
 garbage-first heap   total 10240K, used 7143K [0x0000000081a00000, 0x0000000100000000)
  region size 1024K, 2 young (2048K), 1 survivors (1024K)
 Metaspace       used 7894K, committed 8128K, reserved 1064960K
  class space    used 916K, committed 1024K, reserved 1048576K
}
Event: 0.553 GC heap after
{Heap after GC invocations=8 (full 0):
 garbage-first heap   total 10240K, used 7358K [0x0000000081a00000, 0x0000000100000000)
  region size 1024K, 1 young (1024K), 1 survivors (1024K)
 Metaspace       used 7894K, committed 8128K, reserved 1064960K
  class space    used 916K, committed 1024K, reserved 1048576K
}
Event: 0.592 GC heap before
{Heap before GC invocations=9 (full 0):
 garbage-first heap   total 15360K, used 8382K [0x0000000081a00000, 0x0000000100000000)
  region size 1024K, 2 young (2048K), 1 survivors (1024K)
 Metaspace       used 7981K, committed 8128K, reserved 1064960K
  class space    used 930K, committed 1024K, reserved 1048576K
}
Event: 0.594 GC heap after
{Heap after GC invocations=10 (full 0):
 garbage-first heap   total 15360K, used 7766K [0x0000000081a00000, 0x0000000100000000)
  region size 1024K, 1 young (1024K), 1 survivors (1024K)
 Metaspace       used 7981K, committed 8128K, reserved 1064960K
  class space    used 930K, committed 1024K, reserved 1048576K
}
Event: 0.695 GC heap before
{Heap before GC invocations=10 (full 0):
 garbage-first heap   total 15360K, used 9814K [0x0000000081a00000, 0x0000000100000000)
  region size 1024K, 3 young (3072K), 1 survivors (1024K)
 Metaspace       used 8592K, committed 8768K, reserved 1064960K
  class space    used 1004K, committed 1088K, reserved 1048576K
}
Event: 0.698 GC heap after
{Heap after GC invocations=11 (full 0):
 garbage-first heap   total 30720K, used 8664K [0x0000000081a00000, 0x0000000100000000)
  region size 1024K, 1 young (1024K), 1 survivors (1024K)
 Metaspace       used 8592K, committed 8768K, reserved 1064960K
  class space    used 1004K, committed 1088K, reserved 1048576K
}
Event: 0.764 GC heap before
{Heap before GC invocations=12 (full 0):
 garbage-first heap   total 30720K, used 19928K [0x0000000081a00000, 0x0000000100000000)
  region size 1024K, 8 young (8192K), 1 survivors (1024K)
 Metaspace       used 8603K, committed 8768K, reserved 1064960K
  class space    used 1004K, committed 1088K, reserved 1048576K
}
Event: 0.772 GC heap after
{Heap after GC invocations=13 (full 0):
 garbage-first heap   total 30720K, used 18287K [0x0000000081a00000, 0x0000000100000000)
  region size 1024K, 1 young (1024K), 1 survivors (1024K)
 Metaspace       used 8603K, committed 8768K, reserved 1064960K
  class space    used 1004K, committed 1088K, reserved 1048576K
}
Event: 0.813 GC heap before
{Heap before GC invocations=13 (full 0):
 garbage-first heap   total 30720K, used 21359K [0x0000000081a00000, 0x0000000100000000)
  region size 1024K, 4 young (4096K), 1 survivors (1024K)
 Metaspace       used 8633K, committed 8768K, reserved 1064960K
  class space    used 1006K, committed 1088K, reserved 1048576K
}
Event: 0.815 GC heap after
{Heap after GC invocations=14 (full 0):
 garbage-first heap   total 30720K, used 18924K [0x0000000081a00000, 0x0000000100000000)
  region size 1024K, 1 young (1024K), 1 survivors (1024K)
 Metaspace       used 8633K, committed 8768K, reserved 1064960K
  class space    used 1006K, committed 1088K, reserved 1048576K
}
Event: 0.858 GC heap before
{Heap before GC invocations=15 (full 0):
 garbage-first heap   total 35840K, used 20972K [0x0000000081a00000, 0x0000000100000000)
  region size 1024K, 3 young (3072K), 1 survivors (1024K)
 Metaspace       used 8640K, committed 8896K, reserved 1064960K
  class space    used 1007K, committed 1152K, reserved 1048576K
}
Event: 0.859 GC heap after
{Heap after GC invocations=16 (full 0):
 garbage-first heap   total 35840K, used 18898K [0x0000000081a00000, 0x0000000100000000)
  region size 1024K, 1 young (1024K), 1 survivors (1024K)
 Metaspace       used 8640K, committed 8896K, reserved 1064960K
  class space    used 1007K, committed 1152K, reserved 1048576K
}
Event: 0.901 GC heap before
{Heap before GC invocations=16 (full 0):
 garbage-first heap   total 35840K, used 22994K [0x0000000081a00000, 0x0000000100000000)
  region size 1024K, 5 young (5120K), 1 survivors (1024K)
 Metaspace       used 8640K, committed 8896K, reserved 1064960K
  class space    used 1007K, committed 1152K, reserved 1048576K
}
Event: 0.902 GC heap after
{Heap after GC invocations=17 (full 0):
 garbage-first heap   total 35840K, used 18924K [0x0000000081a00000, 0x0000000100000000)
  region size 1024K, 1 young (1024K), 1 survivors (1024K)
 Metaspace       used 8640K, committed 8896K, reserved 1064960K
  class space    used 1007K, committed 1152K, reserved 1048576K
}
Event: 0.958 GC heap before
{Heap before GC invocations=18 (full 0):
 garbage-first heap   total 39936K, used 24044K [0x0000000081a00000, 0x0000000100000000)
  region size 1024K, 6 young (6144K), 1 survivors (1024K)
 Metaspace       used 8640K, committed 8896K, reserved 1064960K
  class space    used 1007K, committed 1152K, reserved 1048576K
}
Event: 0.959 GC heap after
{Heap after GC invocations=19 (full 0):
 garbage-first heap   total 39936K, used 19052K [0x0000000081a00000, 0x0000000100000000)
  region size 1024K, 1 young (1024K), 1 survivors (1024K)
 Metaspace       used 8640K, committed 8896K, reserved 1064960K
  class space    used 1007K, committed 1152K, reserved 1048576K
}
Event: 0.970 GC heap before
{Heap before GC invocations=19 (full 0):
 garbage-first heap   total 39936K, used 20076K [0x0000000081a00000, 0x0000000100000000)
  region size 1024K, 2 young (2048K), 1 survivors (1024K)
 Metaspace       used 8640K, committed 8896K, reserved 1064960K
  class space    used 1007K, committed 1152K, reserved 1048576K
}
Event: 0.972 GC heap after
{Heap after GC invocations=20 (full 0):
 garbage-first heap   total 39936K, used 18679K [0x0000000081a00000, 0x0000000100000000)
  region size 1024K, 1 young (1024K), 1 survivors (1024K)
 Metaspace       used 8640K, committed 8896K, reserved 1064960K
  class space    used 1007K, committed 1152K, reserved 1048576K
}
Event: 1.114 GC heap before
{Heap before GC invocations=20 (full 0):
 garbage-first heap   total 39936K, used 26871K [0x0000000081a00000, 0x0000000100000000)
  region size 1024K, 9 young (9216K), 1 survivors (1024K)
 Metaspace       used 8991K, committed 9216K, reserved 1064960K
  class space    used 1043K, committed 1152K, reserved 1048576K
}
Event: 1.119 GC heap after
{Heap after GC invocations=21 (full 0):
 garbage-first heap   total 79872K, used 19615K [0x0000000081a00000, 0x0000000100000000)
  region size 1024K, 2 young (2048K), 2 survivors (2048K)
 Metaspace       used 8991K, committed 9216K, reserved 1064960K
  class space    used 1043K, committed 1152K, reserved 1048576K
}

